<?xml version="1.0" encoding="UTF-8"?>
<testsuite xmlns:xsi="http://www.w3.org/2001/XMLSchema-instance" xsi:noNamespaceSchemaLocation="https://maven.apache.org/surefire/maven-surefire-plugin/xsd/surefire-test-report.xsd" version="3.0.2" name="com.synvia.core.SynviaCoreApplicationTests" time="24.024" tests="1" errors="0" skipped="0" failures="0">
  <properties>
[...]
</properties>
  <testcase name="contextLoads" classname="com.synvia.core.SynviaCoreApplicationTests" time="0.882">
    <system-out><![CDATA[23:32:29.257 [main] INFO org.springframework.test.context.support.AnnotationConfigContextLoaderUtils -- Could not detect default configuration classes for test class [com.synvia.core.SynviaCoreApplicationTests]: SynviaCoreApplicationTests does not declare any static, non-private, non-final, nested classes annotated with @Configuration.
23:32:29.656 [main] INFO org.springframework.boot.test.context.SpringBootTestContextBootstrapper -- Found @SpringBootConfiguration com.synvia.core.SynviaCoreApplication for test class com.synvia.core.SynviaCoreApplicationTests

  .   ____          _            __ _ _
 /\\ / ___'_ __ _ _(_)_ __  __ _ \ \ \ \
( ( )\___ | '_ | '_| | '_ \/ _` | \ \ \ \
 \\/  ___)| |_)| | | | | || (_| |  ) ) ) )
  '  |____| .__|_| |_|_| |_\__, | / / / /
 =========|_|==============|___/=/_/_/_/

 :: Spring Boot ::                (v3.5.3)

2025-10-22T23:32:30.987-03:00  INFO 35160 --- [synvia-core] [           main] [                                                 ] c.s.core.SynviaCoreApplicationTests      : Starting SynviaCoreApplicationTests using Java 24.0.1 with PID 35160 (started by GiuliaHelenaGelmanFl in C:\projects\FIAP\Fase7\Santa-Marcelina\synvia-core)
2025-10-22T23:32:30.992-03:00  INFO 35160 --- [synvia-core] [           main] [                                                 ] c.s.core.SynviaCoreApplicationTests      : No active profile set, falling back to 1 default profile: "default"
2025-10-22T23:32:34.491-03:00  INFO 35160 --- [synvia-core] [           main] [                                                 ] .s.d.r.c.RepositoryConfigurationDelegate : Bootstrapping Spring Data JPA repositories in DEFAULT mode.
2025-10-22T23:32:34.848-03:00  INFO 35160 --- [synvia-core] [           main] [                                                 ] .s.d.r.c.RepositoryConfigurationDelegate : Finished Spring Data repository scanning in 298 ms. Found 20 JPA repository interfaces.
2025-10-22T23:32:36.792-03:00  INFO 35160 --- [synvia-core] [           main] [                                                 ] o.hibernate.jpa.internal.util.LogHelper  : HHH000204: Processing PersistenceUnitInfo [name: default]
2025-10-22T23:32:37.016-03:00  INFO 35160 --- [synvia-core] [           main] [                                                 ] org.hibernate.Version                    : HHH000412: Hibernate ORM core version 6.6.18.Final
2025-10-22T23:32:37.117-03:00  INFO 35160 --- [synvia-core] [           main] [                                                 ] o.h.c.internal.RegionFactoryInitiator    : HHH000026: Second-level cache disabled
2025-10-22T23:32:37.785-03:00  INFO 35160 --- [synvia-core] [           main] [                                                 ] o.s.o.j.p.SpringPersistenceUnitInfo      : No LoadTimeWeaver setup: ignoring JPA class transformer
2025-10-22T23:32:37.838-03:00  INFO 35160 --- [synvia-core] [           main] [                                                 ] com.zaxxer.hikari.HikariDataSource       : HikariPool-1 - Starting...
2025-10-22T23:32:39.310-03:00  INFO 35160 --- [synvia-core] [           main] [                                                 ] com.zaxxer.hikari.pool.HikariPool        : HikariPool-1 - Added connection com.mysql.cj.jdbc.ConnectionImpl@5e2b512b
2025-10-22T23:32:39.312-03:00  INFO 35160 --- [synvia-core] [           main] [                                                 ] com.zaxxer.hikari.HikariDataSource       : HikariPool-1 - Start completed.
2025-10-22T23:32:39.627-03:00  WARN 35160 --- [synvia-core] [           main] [                                                 ] org.hibernate.orm.deprecation            : HHH90000025: MySQLDialect does not need to be specified explicitly using 'hibernate.dialect' (remove the property setting and it will be selected by default)
2025-10-22T23:32:39.672-03:00  INFO 35160 --- [synvia-core] [           main] [                                                 ] org.hibernate.orm.connections.pooling    : HHH10001005: Database info:
	Database JDBC URL [Connecting through datasource 'HikariDataSource (HikariPool-1)']
	Database driver: undefined/unknown
	Database version: 8.0.42
	Autocommit mode: undefined/unknown
	Isolation level: undefined/unknown
	Minimum pool size: undefined/unknown
	Maximum pool size: undefined/unknown
2025-10-22T23:32:42.209-03:00  INFO 35160 --- [synvia-core] [           main] [                                                 ] o.h.e.t.j.p.i.JtaPlatformInitiator       : HHH000489: No JTA platform available (set 'hibernate.transaction.jta.platform' to enable JTA platform integration)
Hibernate: 
    create table audit_logs_lgpd (
        id bigint not null auto_increment,
        acao varchar(100) not null,
        dados_antes JSON,
        dados_depois JSON,
        detalhes TEXT,
        ip_origem varchar(45),
        sessao_id varchar(100),
        timestamp datetime(6) not null,
        user_agent varchar(500),
        usuario_id bigint,
        primary key (id)
    ) engine=InnoDB
Hibernate: 
    create table auditoria_logs (
        id bigint not null auto_increment,
        acao varchar(255) not null,
        detalhes varchar(500),
        timestamp datetime(6) not null,
        usuario varchar(255) not null,
        primary key (id)
    ) engine=InnoDB
Hibernate: 
    create table backup_metadata (
        id bigint not null auto_increment,
        data_criacao datetime(6) not null,
        nome_arquivo varchar(255) not null,
        tamanho varchar(255),
        primary key (id)
    ) engine=InnoDB
Hibernate: 
    create table categoria (
        id integer not null auto_increment,
        cor varchar(255),
        descricao varchar(255),
        nome varchar(255) not null,
        primary key (id)
    ) engine=InnoDB
Hibernate: 
    create table cliente (
        id_cliente bigint not null auto_increment,
        consentimento_lgpd bit not null,
        cpf varchar(11) not null,
        data_nascimento date,
        email varchar(255),
        nome varchar(255) not null,
        observacoes varchar(255),
        participa_fidelidade bit not null,
        senha varchar(255) not null,
        telefone varchar(255),
        primary key (id_cliente)
    ) engine=InnoDB
Hibernate: 
    create table configuracoes (
        chave varchar(255) not null,
        valor varchar(255),
        primary key (chave)
    ) engine=InnoDB
Hibernate: 
    create table consentimentos_lgpd (
        id bigint not null auto_increment,
        consentimento_dado bit not null,
        data_consentimento datetime(6) not null,
        data_revogacao datetime(6),
        detalhes_consentimento varchar(500),
        finalidade enum ('ANALISES_PERSONALIZADAS','COMPARTILHAMENTO_TERCEIROS','COOKIES_ANALYTICS','IA_PREDICOES','MARKETING_EMAIL','MARKETING_SMS','SERVICO_ESSENCIAL') not null,
        ip_origem varchar(45),
        motivo_revogacao varchar(500),
        revogado bit not null,
        usuario_id bigint not null,
        primary key (id)
    ) engine=InnoDB
Hibernate: 
    create table fidelidade (
        id bigint not null,
        data_atualizacao date not null,
        pontos integer not null,
        primary key (id)
    ) engine=InnoDB
Hibernate: 
    create table item_pedido (
        id bigint not null auto_increment,
        preco_unitario decimal(10,2),
        quantidade integer not null,
        id_pedido bigint not null,
        id_produto bigint not null,
        primary key (id)
    ) engine=InnoDB
Hibernate: 
    create table item_venda_cliente (
        id_item bigint not null auto_increment,
        preco_total decimal(10,2) not null,
        preco_unitario decimal(10,2) not null,
        quantidade integer not null,
        produto_id bigint not null,
        venda_id bigint not null,
        primary key (id_item)
    ) engine=InnoDB
Hibernate: 
    create table loja (
        id integer not null auto_increment,
        ativa bit not null,
        cnpj varchar(255),
        email varchar(255),
        endereco varchar(255),
        faturamento float(53),
        nome varchar(255) not null,
        responsavel varchar(255),
        telefone varchar(255),
        vendas integer,
        primary key (id)
    ) engine=InnoDB
Hibernate: 
    create table metas_financeiras (
        id bigint not null auto_increment,
        data_fim date not null,
        data_inicio date not null,
        descricao varchar(255) not null,
        valor_alvo decimal(10,2) not null,
        primary key (id)
    ) engine=InnoDB
Hibernate: 
    create table pedido (
        id_pedido bigint not null auto_increment,
        canal varchar(255),
        data datetime(6),
        status varchar(255),
        id_cliente bigint,
        primary key (id_pedido)
    ) engine=InnoDB
Hibernate: 
    create table produto (
        id_produto bigint not null auto_increment,
        descricao varchar(255),
        descricao_cardapio varchar(500),
        destaque bit,
        imagem_url varchar(255),
        nome varchar(255) not null,
        preco decimal(10,2),
        qtd_atual integer,
        qtd_minima integer,
        visivel_cardapio bit,
        categoria_id integer,
        primary key (id_produto)
    ) engine=InnoDB
Hibernate: 
    create table refresh_token (
        id bigint not null auto_increment,
        created_at datetime(6) not null,
        expires_at datetime(6) not null,
        replaced_by_token_id varchar(64),
        revoked bit not null,
        token_hash varchar(255) not null,
        token_id varchar(64) not null,
        usuario_id bigint not null,
        primary key (id)
    ) engine=InnoDB
Hibernate: 
    create table solicitacoes_lgpd (
        id bigint not null auto_increment,
        data_conclusao datetime(6),
        data_solicitacao datetime(6) not null,
        ip_origem varchar(45),
        motivo TEXT,
        protocolo varchar(50) not null,
        responsavel_analise varchar(100),
        resposta TEXT,
        status enum ('APROVADA','CONCLUIDA','EM_ANALISE','PENDENTE','REJEITADA') not null,
        tipo_solicitacao enum ('ACESSO','CORRECAO','EXCLUSAO','OPOSICAO','PORTABILIDADE') not null,
        usuario_id bigint not null,
        primary key (id)
    ) engine=InnoDB
Hibernate: 
    create table transacao (
        id bigint not null auto_increment,
        data datetime(6),
        descricao varchar(255),
        tipo enum ('DESPESA','RECEITA'),
        valor decimal(10,2),
        primary key (id)
    ) engine=InnoDB
Hibernate: 
    create table usuario (
        id bigint not null auto_increment,
        ativo bit not null,
        email varchar(255) not null,
        last_mfa_enrollment datetime(6),
        mfa_enabled bit,
        mfa_secret varchar(160),
        nome varchar(255) not null,
        role varchar(255),
        senha varchar(255) not null,
        ultimo_acesso datetime(6),
        webauthn_registered bit,
        primary key (id)
    ) engine=InnoDB
Hibernate: 
    create table venda (
        id_venda bigint not null auto_increment,
        data datetime(6),
        metodo_pagamento varchar(255),
        valor_total decimal(10,2),
        id_pedido bigint,
        primary key (id_venda)
    ) engine=InnoDB
Hibernate: 
    create table venda_cliente (
        id_venda bigint not null auto_increment,
        data_venda datetime(6) not null,
        forma_pagamento varchar(255) not null,
        mesa_numero varchar(255),
        observacoes varchar(255),
        status_pedido varchar(255),
        valor_total decimal(10,2) not null,
        cliente_id bigint not null,
        primary key (id_venda)
    ) engine=InnoDB
Hibernate: 
    alter table backup_metadata 
       drop index UKmyvnoa456ax0xtpcw4baqwmey
Hibernate: 
    alter table backup_metadata 
       add constraint UKmyvnoa456ax0xtpcw4baqwmey unique (nome_arquivo)
Hibernate: 
    alter table categoria 
       drop index UKprx5elpv558ah8pk8x18u56yc
Hibernate: 
    alter table categoria 
       add constraint UKprx5elpv558ah8pk8x18u56yc unique (nome)
Hibernate: 
    alter table cliente 
       drop index UKr1u8010d60num5vc8fp0q1j2a
Hibernate: 
    alter table cliente 
       add constraint UKr1u8010d60num5vc8fp0q1j2a unique (cpf)
Hibernate: 
    alter table cliente 
       drop index UKcmxo70m08n43599l3h0h07cc6
Hibernate: 
    alter table cliente 
       add constraint UKcmxo70m08n43599l3h0h07cc6 unique (email)
Hibernate: 
    alter table produto 
       drop index UKhdot1xprktyi4sf2onvllkmkd
Hibernate: 
    alter table produto 
       add constraint UKhdot1xprktyi4sf2onvllkmkd unique (nome)
Hibernate: 
    alter table refresh_token 
       drop index UKep06s0x3kup0ymju5ha8oqj87
Hibernate: 
    alter table refresh_token 
       add constraint UKep06s0x3kup0ymju5ha8oqj87 unique (token_id)
Hibernate: 
    alter table solicitacoes_lgpd 
       drop index UK282gecs5mhe1jgb8gr2m10435
Hibernate: 
    alter table solicitacoes_lgpd 
       add constraint UK282gecs5mhe1jgb8gr2m10435 unique (protocolo)
Hibernate: 
    alter table venda 
       drop index UKovn92xocoprrgow7gsnwbbf65
Hibernate: 
    alter table venda 
       add constraint UKovn92xocoprrgow7gsnwbbf65 unique (id_pedido)
Hibernate: 
    alter table fidelidade 
       add constraint FK9jirlubadxt617tamhf4vbryh 
       foreign key (id) 
       references cliente (id_cliente)
Hibernate: 
    alter table item_pedido 
       add constraint FKnjghutiejefh2auj9bnpf9sp7 
       foreign key (id_pedido) 
       references pedido (id_pedido)
Hibernate: 
    alter table item_pedido 
       add constraint FKnqncqw8pnv54kv0dct6mo2iei 
       foreign key (id_produto) 
       references produto (id_produto)
Hibernate: 
    alter table item_venda_cliente 
       add constraint FKd8p9c5qepccrwns0xcx82bvkc 
       foreign key (produto_id) 
       references produto (id_produto)
Hibernate: 
    alter table item_venda_cliente 
       add constraint FK7kfb1wr3w79kon4i8pt44np3f 
       foreign key (venda_id) 
       references venda_cliente (id_venda)
Hibernate: 
    alter table pedido 
       add constraint FK9y4jnyp1hxqa386cnly0ay9uw 
       foreign key (id_cliente) 
       references cliente (id_cliente)
Hibernate: 
    alter table produto 
       add constraint FKopu9jggwnamfv0c8k2ri3kx0a 
       foreign key (categoria_id) 
       references categoria (id)
Hibernate: 
    alter table refresh_token 
       add constraint FKpr5fysa08n2o6i1rxjumfl89q 
       foreign key (usuario_id) 
       references usuario (id)
Hibernate: 
    alter table venda 
       add constraint FKn0xruchc8vffxf4ytd15n31xi 
       foreign key (id_pedido) 
       references pedido (id_pedido)
Hibernate: 
    alter table venda_cliente 
       add constraint FKbf7f0t4b79r0qpgqrg3grlp8k 
       foreign key (cliente_id) 
       references cliente (id_cliente)
2025-10-22T23:32:44.544-03:00  INFO 35160 --- [synvia-core] [           main] [                                                 ] j.LocalContainerEntityManagerFactoryBean : Initialized JPA EntityManagerFactory for persistence unit 'default'
2025-10-22T23:32:45.713-03:00  INFO 35160 --- [synvia-core] [           main] [                                                 ] eAuthenticationProviderManagerConfigurer : Global AuthenticationManager configured with AuthenticationProvider bean with name authenticationProvider
2025-10-22T23:32:45.714-03:00  WARN 35160 --- [synvia-core] [           main] [                                                 ] r$InitializeUserDetailsManagerConfigurer : Global AuthenticationManager configured with an AuthenticationProvider bean. UserDetailsService beans will not be used by Spring Security for automatically configuring username/password login. Consider removing the AuthenticationProvider bean. Alternatively, consider using the UserDetailsService in a manually instantiated DaoAuthenticationProvider. If the current configuration is intentional, to turn off this warning, increase the logging level of 'org.springframework.security.config.annotation.authentication.configuration.InitializeUserDetailsBeanManagerConfigurer' to ERROR
2025-10-22T23:32:45.913-03:00  INFO 35160 --- [synvia-core] [           main] [                                                 ] o.s.d.j.r.query.QueryEnhancerFactory     : Hibernate is in classpath; If applicable, HQL parser will be used.
2025-10-22T23:32:48.909-03:00  WARN 35160 --- [synvia-core] [           main] [                                                 ] JpaBaseConfiguration$JpaWebConfiguration : spring.jpa.open-in-view is enabled by default. Therefore, database queries may be performed during view rendering. Explicitly configure spring.jpa.open-in-view to disable this warning
2025-10-22T23:32:50.016-03:00  INFO 35160 --- [synvia-core] [           main] [                                                 ] o.s.b.a.e.web.EndpointLinksResolver      : Exposing 3 endpoints beneath base path '/actuator'
2025-10-22T23:32:51.394-03:00  INFO 35160 --- [synvia-core] [           main] [                                                 ] c.s.core.SynviaCoreApplicationTests      : Started SynviaCoreApplicationTests in 21.27 seconds (process running for 24.103)
Hibernate: 
    select
        count(*) 
    from
        usuario u1_0
>>> BANCO DE USUÁRIOS VAZIO. CRIANDO USUÁRIO ADMIN PADRÃO...
Hibernate: 
    insert 
    into
        usuario
        (ativo, email, last_mfa_enrollment, mfa_enabled, mfa_secret, nome, role, senha, ultimo_acesso, webauthn_registered) 
    values
        (?, ?, ?, ?, ?, ?, ?, ?, ?, ?)
>>> USUÁRIO ADMIN CRIADO: admin@synvia.io / senha: admin123
]]></system-out>
    <system-err><![CDATA[Mockito is currently self-attaching to enable the inline-mock-maker. This will no longer work in future releases of the JDK. Please add Mockito as an agent to your build as described in Mockito's documentation: https://javadoc.io/doc/org.mockito/mockito-core/latest/org.mockito/org/mockito/Mockito.html#0.3
WARNING: A Java agent has been loaded dynamically (C:\Users\GiuliaHelenaGelmanFl\.m2\repository\net\bytebuddy\byte-buddy-agent\1.17.6\byte-buddy-agent-1.17.6.jar)
WARNING: If a serviceability tool is in use, please run with -XX:+EnableDynamicAgentLoading to hide this warning
WARNING: If a serviceability tool is not in use, please run with -Djdk.instrument.traceUsage for more information
WARNING: Dynamic loading of agents will be disallowed by default in a future release
]]></system-err>
  </testcase>
</testsuite>